0 info it worked if it ends with ok
1 verbose cli [ 'C:\\Program Files (x86)\\Nodist\\v-x64\\7.6.0\\node.exe',
1 verbose cli   'C:\\Program Files (x86)\\Nodist\\npmv\\4.0.5\\bin\\npm-cli.js',
1 verbose cli   'start' ]
2 info using npm@4.0.5
3 info using node@v7.6.0
4 verbose run-script [ 'prestart', 'start', 'poststart' ]
5 info lifecycle app@1.0.0~prestart: app@1.0.0
6 warn lifecycle The node binary used for scripts is C:\Program Files (x86)\Nodist\bin\node.exe but npm is using C:\Program Files (x86)\Nodist\v-x64\7.6.0\node.exe itself. Use the `--scripts-prepend-node-path` option to include the path for the node binary npm was executed with.
7 silly lifecycle app@1.0.0~prestart: no script for prestart, continuing
8 info lifecycle app@1.0.0~start: app@1.0.0
9 verbose lifecycle app@1.0.0~start: unsafe-perm in lifecycle true
10 verbose lifecycle app@1.0.0~start: PATH: C:\Program Files (x86)\Nodist\npmv\4.0.5\bin\node-gyp-bin;C:\Users\John Lindquist\projects\google.johnlindquist.com\app\node_modules\.bin;C:\Program Files\Docker\Docker\Resources\bin;C:\Python36\Scripts\;C:\Python36\;C:\Program Files (x86)\Razer Chroma SDK\bin;C:\Program Files\Razer Chroma SDK\bin;C:\Program Files\Oculus\Support\oculus-runtime;C:\Program Files (x86)\Intel\iCLS Client\;C:\Program Files\Intel\iCLS Client\;C:\Program Files\Broadcom\Broadcom 802.11 Network Adapter;C:\WINDOWS\system32;C:\WINDOWS;C:\WINDOWS\System32\Wbem;C:\WINDOWS\System32\WindowsPowerShell\v1.0\;C:\Program Files (x86)\Intel\Intel(R) Management Engine Components\DAL;C:\Program Files\Intel\Intel(R) Management Engine Components\DAL;C:\Program Files (x86)\Intel\Intel(R) Management Engine Components\IPT;C:\Program Files\Intel\Intel(R) Management Engine Components\IPT;C:\Program Files (x86)\Nodist\bin;C:\ProgramData\chocolatey\bin;C:\Program Files (x86)\GtkSharp\2.12\bin;C:\Program Files (x86)\NVIDIA Corporation\PhysX\Common;C:\Users\John Lindquist\AppData\Local\Microsoft\WindowsApps;C:\Users\John Lindquist\AppData\Roaming\npm;C:\Program Files (x86)\Microsoft VS Code\bin;C:\Users\John Lindquist\AppData\Local\Yarn\.bin;C:\WINDOWS\system32;C:\WINDOWS;C:\WINDOWS\System32\Wbem;C:\WINDOWS\System32\WindowsPowerShell\v1.0\;C:\Program Files (x86)\Yarn\bin;C:\Program Files\Git\cmd;C:\HashiCorp\Vagrant\bin;C:\Ruby23-x64\bin;C:\Users\John Lindquist\AppData\Local\Microsoft\WindowsApps;C:\Users\John Lindquist\AppData\Roaming\npm;C:\Program Files (x86)\Microsoft VS Code\bin;C:\Users\John Lindquist\AppData\Local\Yarn\config\global\node_modules\.bin;C:\Program Files (x86)\Microsoft VS Code Insiders\bin;C:\Program Files\Docker Toolbox;C:\PostgreSQL\bin;
11 verbose lifecycle app@1.0.0~start: CWD: C:\Users\John Lindquist\projects\google.johnlindquist.com\app
12 silly lifecycle app@1.0.0~start: Args: [ '/d /s /c', 'node index.js' ]
13 silly lifecycle app@1.0.0~start: Returned: code: 1  signal: null
14 info lifecycle app@1.0.0~start: Failed to exec start script
15 verbose stack Error: app@1.0.0 start: `node index.js`
15 verbose stack Exit status 1
15 verbose stack     at EventEmitter.<anonymous> (C:\Program Files (x86)\Nodist\npmv\4.0.5\lib\utils\lifecycle.js:279:16)
15 verbose stack     at emitTwo (events.js:106:13)
15 verbose stack     at EventEmitter.emit (events.js:192:7)
15 verbose stack     at ChildProcess.<anonymous> (C:\Program Files (x86)\Nodist\npmv\4.0.5\lib\utils\spawn.js:40:14)
15 verbose stack     at emitTwo (events.js:106:13)
15 verbose stack     at ChildProcess.emit (events.js:192:7)
15 verbose stack     at maybeClose (internal/child_process.js:890:16)
15 verbose stack     at Process.ChildProcess._handle.onexit (internal/child_process.js:226:5)
16 verbose pkgid app@1.0.0
17 verbose cwd C:\Users\John Lindquist\projects\google.johnlindquist.com\app
18 error Windows_NT 10.0.16170
19 error argv "C:\\Program Files (x86)\\Nodist\\v-x64\\7.6.0\\node.exe" "C:\\Program Files (x86)\\Nodist\\npmv\\4.0.5\\bin\\npm-cli.js" "start"
20 error node v7.6.0
21 error npm  v4.0.5
22 error code ELIFECYCLE
23 error app@1.0.0 start: `node index.js`
23 error Exit status 1
24 error Failed at the app@1.0.0 start script 'node index.js'.
24 error Make sure you have the latest version of node.js and npm installed.
24 error If you do, this is most likely a problem with the app package,
24 error not with npm itself.
24 error Tell the author that this fails on your system:
24 error     node index.js
24 error You can get information on how to open an issue for this project with:
24 error     npm bugs app
24 error Or if that isn't available, you can get their info via:
24 error     npm owner ls app
24 error There is likely additional logging output above.
25 verbose exit [ 1, true ]
